Build started 23/12/2019 5:24:03 PM.
     1>Project "C:\Users\User\Documents\Visual Studio 2013\Projects\prototypeRPG\prototypeRPG\prototypeRPG.vcxproj" on node 2 (Build target(s)).
     1>Link:
         D:\VS Express 2013\VC\bin\x86_amd64\link.exe /ERRORREPORT:PROMPT /OUT:"C:\Users\User\Documents\Visual Studio 2013\Projects\prototypeRPG\x64\Debug\prototypeRPG.exe" /INCREMENTAL /NOLOGO /LIBPATH:"C:\Users\User\Documents\Visual Studio 2013\Projects\prototypeRPG\dependencies\lib\x86" SDL2.lib SDL2main.lib SDL2_image.lib kernel32.lib user32.lib gdi32.lib winspool.lib comdlg32.lib advapi32.lib shell32.lib ole32.lib oleaut32.lib uuid.lib odbc32.lib odbccp32.lib kernel32.lib user32.lib gdi32.lib winspool.lib comdlg32.lib advapi32.lib shell32.lib ole32.lib oleaut32.lib uuid.lib odbc32.lib odbccp32.lib /MANIFEST /MANIFESTUAC:"level='asInvoker' uiAccess='false'" /manifest:embed /DEBUG /PDB:"C:\Users\User\Documents\Visual Studio 2013\Projects\prototypeRPG\x64\Debug\prototypeRPG.pdb" /SUBSYSTEM:CONSOLE /TLBID:1 /DYNAMICBASE /NXCOMPAT /IMPLIB:"C:\Users\User\Documents\Visual Studio 2013\Projects\prototypeRPG\x64\Debug\prototypeRPG.lib" /MACHINE:X64 x64\Debug\Game.obj
         x64\Debug\main.obj
         x64\Debug\TextureManager.obj
     1>Game.obj : error LNK2019: unresolved external symbol SDL_FreeSurface referenced in function "public: void __cdecl Game::init(char const *,int,int,bool)" (?init@Game@@QEAAXPEBDHH_N@Z)
     1>Game.obj : error LNK2019: unresolved external symbol SDL_CreateWindow referenced in function "public: void __cdecl Game::init(char const *,int,int,bool)" (?init@Game@@QEAAXPEBDHH_N@Z)
     1>Game.obj : error LNK2019: unresolved external symbol SDL_DestroyWindow referenced in function "public: void __cdecl Game::clean(void)" (?clean@Game@@QEAAXXZ)
     1>Game.obj : error LNK2019: unresolved external symbol SDL_PollEvent referenced in function "public: void __cdecl Game::handleEvents(void)" (?handleEvents@Game@@QEAAXXZ)
     1>Game.obj : error LNK2019: unresolved external symbol SDL_CreateRenderer referenced in function "public: void __cdecl Game::init(char const *,int,int,bool)" (?init@Game@@QEAAXPEBDHH_N@Z)
     1>Game.obj : error LNK2019: unresolved external symbol SDL_CreateTextureFromSurface referenced in function "public: void __cdecl Game::init(char const *,int,int,bool)" (?init@Game@@QEAAXPEBDHH_N@Z)
     1>Game.obj : error LNK2019: unresolved external symbol SDL_SetRenderDrawColor referenced in function "public: void __cdecl Game::init(char const *,int,int,bool)" (?init@Game@@QEAAXPEBDHH_N@Z)
     1>Game.obj : error LNK2019: unresolved external symbol SDL_RenderClear referenced in function "public: void __cdecl Game::render(void)" (?render@Game@@QEAAXXZ)
     1>Game.obj : error LNK2019: unresolved external symbol SDL_RenderCopy referenced in function "public: void __cdecl Game::render(void)" (?render@Game@@QEAAXXZ)
     1>Game.obj : error LNK2019: unresolved external symbol SDL_RenderPresent referenced in function "public: void __cdecl Game::render(void)" (?render@Game@@QEAAXXZ)
     1>Game.obj : error LNK2019: unresolved external symbol SDL_DestroyRenderer referenced in function "public: void __cdecl Game::clean(void)" (?clean@Game@@QEAAXXZ)
     1>Game.obj : error LNK2019: unresolved external symbol SDL_Init referenced in function "public: void __cdecl Game::init(char const *,int,int,bool)" (?init@Game@@QEAAXPEBDHH_N@Z)
     1>Game.obj : error LNK2019: unresolved external symbol SDL_Quit referenced in function "public: void __cdecl Game::clean(void)" (?clean@Game@@QEAAXXZ)
     1>Game.obj : error LNK2019: unresolved external symbol IMG_Load referenced in function "public: void __cdecl Game::init(char const *,int,int,bool)" (?init@Game@@QEAAXPEBDHH_N@Z)
     1>main.obj : error LNK2019: unresolved external symbol SDL_GetTicks referenced in function SDL_main
     1>main.obj : error LNK2019: unresolved external symbol SDL_Delay referenced in function SDL_main
     1>MSVCRTD.lib(crtexe.obj) : error LNK2019: unresolved external symbol main referenced in function __tmainCRTStartup
     1>C:\Users\User\Documents\Visual Studio 2013\Projects\prototypeRPG\x64\Debug\prototypeRPG.exe : fatal error LNK1120: 17 unresolved externals
     1>Done Building Project "C:\Users\User\Documents\Visual Studio 2013\Projects\prototypeRPG\prototypeRPG\prototypeRPG.vcxproj" (Build target(s)) -- FAILED.

Build FAILED.

Time Elapsed 00:00:00.15
